This is pdfTeX, Version 3.14159265-2.6-1.40.21 (MiKTeX 20.6) (preloaded format=pdflatex 2020.9.21)  22 AUG 2021 11:03
entering extended mode
**./lecture-08-23-2021.tex
(lecture-08-23-2021.tex
LaTeX2e <2020-02-02> patch level 5
L3 programming layer <2020-06-18>
("C:\Users\Timothy R. Johnson\AppData\Local\Programs\MiKTeX 2.9\tex/latex/base\
article.cls"
Document Class: article 2019/12/20 v1.4l Standard LaTeX document class

("C:\Users\Timothy R. Johnson\AppData\Local\Programs\MiKTeX 2.9\tex/latex/base\
size10.clo"
File: size10.clo 2019/12/20 v1.4l Standard LaTeX file (size option)
)
\c@part=\count167
\c@section=\count168
\c@subsection=\count169
\c@subsubsection=\count170
\c@paragraph=\count171
\c@subparagraph=\count172
\c@figure=\count173
\c@table=\count174
\abovecaptionskip=\skip47
\belowcaptionskip=\skip48
\bibindent=\dimen134
)
("C:\Users\Timothy R. Johnson\AppData\Local\Programs\MiKTeX 2.9\tex/latex/amsma
th\amsmath.sty"
Package: amsmath 2020/01/20 v2.17e AMS math features
\@mathmargin=\skip49
For additional information on amsmath, use the `?' option.

("C:\Users\Timothy R. Johnson\AppData\Local\Programs\MiKTeX 2.9\tex/latex/amsma
th\amstext.sty"
Package: amstext 2000/06/29 v2.01 AMS text

("C:\Users\Timothy R. Johnson\AppData\Local\Programs\MiKTeX 2.9\tex/latex/amsma
th\amsgen.sty"
File: amsgen.sty 1999/11/30 v2.0 generic functions
\@emptytoks=\toks15
\ex@=\dimen135
))
("C:\Users\Timothy R. Johnson\AppData\Local\Programs\MiKTeX 2.9\tex/latex/amsma
th\amsbsy.sty"
Package: amsbsy 1999/11/29 v1.2d Bold Symbols
\pmbraise@=\dimen136
)
("C:\Users\Timothy R. Johnson\AppData\Local\Programs\MiKTeX 2.9\tex/latex/amsma
th\amsopn.sty"
Package: amsopn 2016/03/08 v2.02 operator names
)
\inf@bad=\count175
LaTeX Info: Redefining \frac on input line 227.
\uproot@=\count176
\leftroot@=\count177
LaTeX Info: Redefining \overline on input line 389.
\classnum@=\count178
\DOTSCASE@=\count179
LaTeX Info: Redefining \ldots on input line 486.
LaTeX Info: Redefining \dots on input line 489.
LaTeX Info: Redefining \cdots on input line 610.
\Mathstrutbox@=\box45
\strutbox@=\box46
\big@size=\dimen137
LaTeX Font Info:    Redeclaring font encoding OML on input line 733.
LaTeX Font Info:    Redeclaring font encoding OMS on input line 734.
\macc@depth=\count180
\c@MaxMatrixCols=\count181
\dotsspace@=\muskip16
\c@parentequation=\count182
\dspbrk@lvl=\count183
\tag@help=\toks16
\row@=\count184
\column@=\count185
\maxfields@=\count186
\andhelp@=\toks17
\eqnshift@=\dimen138
\alignsep@=\dimen139
\tagshift@=\dimen140
\tagwidth@=\dimen141
\totwidth@=\dimen142
\lineht@=\dimen143
\@envbody=\toks18
\multlinegap=\skip50
\multlinetaggap=\skip51
\mathdisplay@stack=\toks19
LaTeX Info: Redefining \[ on input line 2859.
LaTeX Info: Redefining \] on input line 2860.
)
("C:\Users\Timothy R. Johnson\AppData\Local\Programs\MiKTeX 2.9\tex/latex/amsfo
nts\amssymb.sty"
Package: amssymb 2013/01/14 v3.01 AMS font symbols

("C:\Users\Timothy R. Johnson\AppData\Local\Programs\MiKTeX 2.9\tex/latex/amsfo
nts\amsfonts.sty"
Package: amsfonts 2013/01/14 v3.01 Basic AMSFonts support
\symAMSa=\mathgroup4
\symAMSb=\mathgroup5
LaTeX Font Info:    Redeclaring math symbol \hbar on input line 98.
LaTeX Font Info:    Overwriting math alphabet `\mathfrak' in version `bold'
(Font)                  U/euf/m/n --> U/euf/b/n on input line 106.
))
("C:\Users\Timothy R. Johnson\AppData\Local\Programs\MiKTeX 2.9\tex/latex/lm\lm
odern.sty"
Package: lmodern 2009/10/30 v1.6 Latin Modern Fonts
LaTeX Font Info:    Overwriting symbol font `operators' in version `normal'
(Font)                  OT1/cmr/m/n --> OT1/lmr/m/n on input line 22.
LaTeX Font Info:    Overwriting symbol font `letters' in version `normal'
(Font)                  OML/cmm/m/it --> OML/lmm/m/it on input line 23.
LaTeX Font Info:    Overwriting symbol font `symbols' in version `normal'
(Font)                  OMS/cmsy/m/n --> OMS/lmsy/m/n on input line 24.
LaTeX Font Info:    Overwriting symbol font `largesymbols' in version `normal'
(Font)                  OMX/cmex/m/n --> OMX/lmex/m/n on input line 25.
LaTeX Font Info:    Overwriting symbol font `operators' in version `bold'
(Font)                  OT1/cmr/bx/n --> OT1/lmr/bx/n on input line 26.
LaTeX Font Info:    Overwriting symbol font `letters' in version `bold'
(Font)                  OML/cmm/b/it --> OML/lmm/b/it on input line 27.
LaTeX Font Info:    Overwriting symbol font `symbols' in version `bold'
(Font)                  OMS/cmsy/b/n --> OMS/lmsy/b/n on input line 28.
LaTeX Font Info:    Overwriting symbol font `largesymbols' in version `bold'
(Font)                  OMX/cmex/m/n --> OMX/lmex/m/n on input line 29.
LaTeX Font Info:    Overwriting math alphabet `\mathbf' in version `normal'
(Font)                  OT1/cmr/bx/n --> OT1/lmr/bx/n on input line 31.
LaTeX Font Info:    Overwriting math alphabet `\mathsf' in version `normal'
(Font)                  OT1/cmss/m/n --> OT1/lmss/m/n on input line 32.
LaTeX Font Info:    Overwriting math alphabet `\mathit' in version `normal'
(Font)                  OT1/cmr/m/it --> OT1/lmr/m/it on input line 33.
LaTeX Font Info:    Overwriting math alphabet `\mathtt' in version `normal'
(Font)                  OT1/cmtt/m/n --> OT1/lmtt/m/n on input line 34.
LaTeX Font Info:    Overwriting math alphabet `\mathbf' in version `bold'
(Font)                  OT1/cmr/bx/n --> OT1/lmr/bx/n on input line 35.
LaTeX Font Info:    Overwriting math alphabet `\mathsf' in version `bold'
(Font)                  OT1/cmss/bx/n --> OT1/lmss/bx/n on input line 36.
LaTeX Font Info:    Overwriting math alphabet `\mathit' in version `bold'
(Font)                  OT1/cmr/bx/it --> OT1/lmr/bx/it on input line 37.
LaTeX Font Info:    Overwriting math alphabet `\mathtt' in version `bold'
(Font)                  OT1/cmtt/m/n --> OT1/lmtt/m/n on input line 38.
)
("C:\Users\Timothy R. Johnson\AppData\Local\Programs\MiKTeX 2.9\tex/generic/ift
ex\ifxetex.sty"
Package: ifxetex 2019/10/25 v0.7 ifxetex legacy package. Use iftex instead.

("C:\Users\Timothy R. Johnson\AppData\Local\Programs\MiKTeX 2.9\tex/generic/ift
ex\iftex.sty"
Package: iftex 2020/03/06 v1.0d TeX engine tests
))
("C:\Users\Timothy R. Johnson\AppData\Local\Programs\MiKTeX 2.9\tex/generic/ift
ex\ifluatex.sty"
Package: ifluatex 2019/10/25 v1.5 ifluatex legacy package. Use iftex instead.
)
("C:\Users\Timothy R. Johnson\AppData\Local\Programs\MiKTeX 2.9\tex/latex/base\
fontenc.sty"
Package: fontenc 2020/02/11 v2.0o Standard LaTeX package
LaTeX Font Info:    Trying to load font information for T1+lmr on input line 11
2.

("C:\Users\Timothy R. Johnson\AppData\Local\Programs\MiKTeX 2.9\tex/latex/lm\t1
lmr.fd"
File: t1lmr.fd 2009/10/30 v1.6 Font defs for Latin Modern
))
("C:\Users\Timothy R. Johnson\AppData\Local\Programs\MiKTeX 2.9\tex/latex/base\
inputenc.sty"
Package: inputenc 2018/08/11 v1.3c Input encoding file
\inpenc@prehook=\toks20
\inpenc@posthook=\toks21
)
("C:\Users\Timothy R. Johnson\AppData\Local\Programs\MiKTeX 2.9\tex/latex/base\
textcomp.sty"
Package: textcomp 2020/02/02 v2.0n Standard LaTeX package
)
("C:\Users\Timothy R. Johnson\AppData\Local\Programs\MiKTeX 2.9\tex/latex/upquo
te\upquote.sty"
Package: upquote 2012/04/19 v1.3 upright-quote and grave-accent glyphs in verba
tim
)
("C:\Users\Timothy R. Johnson\AppData\Local\Programs\MiKTeX 2.9\tex/latex/micro
type\microtype.sty"
Package: microtype 2019/11/18 v2.7d Micro-typographical refinements (RS)

("C:\Users\Timothy R. Johnson\AppData\Local\Programs\MiKTeX 2.9\tex/latex/graph
ics\keyval.sty"
Package: keyval 2014/10/28 v1.15 key=value parser (DPC)
\KV@toks@=\toks22
)
\MT@toks=\toks23
\MT@count=\count187
LaTeX Info: Redefining \textls on input line 790.
\MT@outer@kern=\dimen144
LaTeX Info: Redefining \textmicrotypecontext on input line 1354.
\MT@listname@count=\count188

("C:\Users\Timothy R. Johnson\AppData\Local\Programs\MiKTeX 2.9\tex/latex/micro
type\microtype-pdftex.def"
File: microtype-pdftex.def 2019/11/18 v2.7d Definitions specific to pdftex (RS)

LaTeX Info: Redefining \lsstyle on input line 914.
LaTeX Info: Redefining \lslig on input line 914.
\MT@outer@space=\skip52
)
Package microtype Info: Loading configuration file microtype.cfg.

("C:\Users\Timothy R. Johnson\AppData\Local\Programs\MiKTeX 2.9\tex/latex/micro
type\microtype.cfg"
File: microtype.cfg 2019/11/18 v2.7d microtype main configuration file (RS)
))
("C:\Users\Timothy R. Johnson\AppData\Local\Programs\MiKTeX 2.9\tex/latex/parsk
ip\parskip.sty"
Package: parskip 2020-06-15 v2.0f non-zero parskip adjustments

("C:\Users\Timothy R. Johnson\AppData\Local\Programs\MiKTeX 2.9\tex/latex/kvopt
ions\kvoptions.sty"
Package: kvoptions 2019/11/29 v3.13 Key value format for package options (HO)

("C:\Users\Timothy R. Johnson\AppData\Local\Programs\MiKTeX 2.9\tex/generic/ltx
cmds\ltxcmds.sty"
Package: ltxcmds 2019/12/15 v1.24 LaTeX kernel commands for general use (HO)
)
("C:\Users\Timothy R. Johnson\AppData\Local\Programs\MiKTeX 2.9\tex/generic/kvs
etkeys\kvsetkeys.sty"
Package: kvsetkeys 2019/12/15 v1.18 Key value parser (HO)
))
("C:\Users\Timothy R. Johnson\AppData\Local\Programs\MiKTeX 2.9\tex/latex/etool
box\etoolbox.sty"
Package: etoolbox 2019/09/21 v2.5h e-TeX tools for LaTeX (JAW)
\etb@tempcnta=\count189
))
("C:\Users\Timothy R. Johnson\AppData\Local\Programs\MiKTeX 2.9\tex/latex/xcolo
r\xcolor.sty"
Package: xcolor 2016/05/11 v2.12 LaTeX color extensions (UK)

("C:\Users\Timothy R. Johnson\AppData\Local\Programs\MiKTeX 2.9\tex/latex/graph
ics-cfg\color.cfg"
File: color.cfg 2016/01/02 v1.6 sample color configuration
)
Package xcolor Info: Driver file: pdftex.def on input line 225.

("C:\Users\Timothy R. Johnson\AppData\Local\Programs\MiKTeX 2.9\tex/latex/graph
ics-def\pdftex.def"
File: pdftex.def 2018/01/08 v1.0l Graphics/color driver for pdftex
)
Package xcolor Info: Model `cmy' substituted by `cmy0' on input line 1348.
Package xcolor Info: Model `hsb' substituted by `rgb' on input line 1352.
Package xcolor Info: Model `RGB' extended on input line 1364.
Package xcolor Info: Model `HTML' substituted by `rgb' on input line 1366.
Package xcolor Info: Model `Hsb' substituted by `hsb' on input line 1367.
Package xcolor Info: Model `tHsb' substituted by `hsb' on input line 1368.
Package xcolor Info: Model `HSB' substituted by `hsb' on input line 1369.
Package xcolor Info: Model `Gray' substituted by `gray' on input line 1370.
Package xcolor Info: Model `wave' substituted by `hsb' on input line 1371.
)
("C:\Users\Timothy R. Johnson\AppData\Local\Programs\MiKTeX 2.9\tex/latex/xurl\
xurl.sty"
Package: xurl 2020/01/24 v 0.09 modify URL breaks

("C:\Users\Timothy R. Johnson\AppData\Local\Programs\MiKTeX 2.9\tex/latex/url\u
rl.sty"
\Urlmuskip=\muskip17
Package: url 2013/09/16  ver 3.4  Verb mode for urls, etc.
))
("C:\Users\Timothy R. Johnson\AppData\Local\Programs\MiKTeX 2.9\tex/latex/bookm
ark\bookmark.sty"
Package: bookmark 2019/12/03 v1.28 PDF bookmarks (HO)

("C:\Users\Timothy R. Johnson\AppData\Local\Programs\MiKTeX 2.9\tex/latex/hyper
ref\hyperref.sty"
Package: hyperref 2020-05-15 v7.00e Hypertext links for LaTeX

("C:\Users\Timothy R. Johnson\AppData\Local\Programs\MiKTeX 2.9\tex/latex/pdfte
xcmds\pdftexcmds.sty"
Package: pdftexcmds 2020-06-04 v0.32 Utility functions of pdfTeX for LuaTeX (HO
)

("C:\Users\Timothy R. Johnson\AppData\Local\Programs\MiKTeX 2.9\tex/generic/inf
warerr\infwarerr.sty"
Package: infwarerr 2019/12/03 v1.5 Providing info/warning/error messages (HO)
)
Package pdftexcmds Info: \pdf@primitive is available.
Package pdftexcmds Info: \pdf@ifprimitive is available.
Package pdftexcmds Info: \pdfdraftmode found.
)
("C:\Users\Timothy R. Johnson\AppData\Local\Programs\MiKTeX 2.9\tex/generic/kvd
efinekeys\kvdefinekeys.sty"
Package: kvdefinekeys 2019-12-19 v1.6 Define keys (HO)
)
("C:\Users\Timothy R. Johnson\AppData\Local\Programs\MiKTeX 2.9\tex/generic/pdf
escape\pdfescape.sty"
Package: pdfescape 2019/12/09 v1.15 Implements pdfTeX's escape features (HO)
)
("C:\Users\Timothy R. Johnson\AppData\Local\Programs\MiKTeX 2.9\tex/latex/hycol
or\hycolor.sty"
Package: hycolor 2020-01-27 v1.10 Color options for hyperref/bookmark (HO)
)
("C:\Users\Timothy R. Johnson\AppData\Local\Programs\MiKTeX 2.9\tex/latex/letlt
xmacro\letltxmacro.sty"
Package: letltxmacro 2019/12/03 v1.6 Let assignment for LaTeX macros (HO)
)
("C:\Users\Timothy R. Johnson\AppData\Local\Programs\MiKTeX 2.9\tex/latex/auxho
ok\auxhook.sty"
Package: auxhook 2019-12-17 v1.6 Hooks for auxiliary files (HO)
)
\@linkdim=\dimen145
\Hy@linkcounter=\count190
\Hy@pagecounter=\count191

("C:\Users\Timothy R. Johnson\AppData\Local\Programs\MiKTeX 2.9\tex/latex/hyper
ref\pd1enc.def"
File: pd1enc.def 2020-05-15 v7.00e Hyperref: PDFDocEncoding definition (HO)
Now handling font encoding PD1 ...
... no UTF-8 mapping file for font encoding PD1
)
("C:\Users\Timothy R. Johnson\AppData\Local\Programs\MiKTeX 2.9\tex/generic/int
calc\intcalc.sty"
Package: intcalc 2019/12/15 v1.3 Expandable calculations with integers (HO)
)
("C:\Users\Timothy R. Johnson\AppData\Local\Programs\MiKTeX 2.9\tex/generic/ete
xcmds\etexcmds.sty"
Package: etexcmds 2019/12/15 v1.7 Avoid name clashes with e-TeX commands (HO)
)
\Hy@SavedSpaceFactor=\count192
Package hyperref Info: Option `unicode' set `true' on input line 4338.

("C:\Users\Timothy R. Johnson\AppData\Local\Programs\MiKTeX 2.9\tex/latex/hyper
ref\puenc.def"
File: puenc.def 2020-05-15 v7.00e Hyperref: PDF Unicode definition (HO)
Now handling font encoding PU ...
... no UTF-8 mapping file for font encoding PU
)
Package hyperref Info: Hyper figures OFF on input line 4464.
Package hyperref Info: Link nesting OFF on input line 4469.
Package hyperref Info: Hyper index ON on input line 4472.
Package hyperref Info: Plain pages OFF on input line 4479.
Package hyperref Info: Backreferencing OFF on input line 4484.
Package hyperref Info: Implicit mode ON; LaTeX internals redefined.
Package hyperref Info: Bookmarks ON on input line 4717.
\c@Hy@tempcnt=\count193
LaTeX Info: Redefining \url on input line 5076.
\XeTeXLinkMargin=\dimen146

("C:\Users\Timothy R. Johnson\AppData\Local\Programs\MiKTeX 2.9\tex/generic/bit
set\bitset.sty"
Package: bitset 2019/12/09 v1.3 Handle bit-vector datatype (HO)

("C:\Users\Timothy R. Johnson\AppData\Local\Programs\MiKTeX 2.9\tex/generic/big
intcalc\bigintcalc.sty"
Package: bigintcalc 2019/12/15 v1.5 Expandable calculations on big integers (HO
)
))
\Fld@menulength=\count194
\Field@Width=\dimen147
\Fld@charsize=\dimen148
Package hyperref Info: Hyper figures OFF on input line 6347.
Package hyperref Info: Link nesting OFF on input line 6352.
Package hyperref Info: Hyper index ON on input line 6355.
Package hyperref Info: backreferencing OFF on input line 6362.
Package hyperref Info: Link coloring OFF on input line 6367.
Package hyperref Info: Link coloring with OCG OFF on input line 6372.
Package hyperref Info: PDF/A mode OFF on input line 6377.
LaTeX Info: Redefining \ref on input line 6417.
LaTeX Info: Redefining \pageref on input line 6421.

("C:\Users\Timothy R. Johnson\AppData\Local\Programs\MiKTeX 2.9\tex/generic/atb
egshi\atbegshi.sty"
Package: atbegshi 2019/12/05 v1.19 At begin shipout hook (HO)
)
\Hy@abspage=\count195
\c@Item=\count196
\c@Hfootnote=\count197
)
Package hyperref Info: Driver (autodetected): hpdftex.

("C:\Users\Timothy R. Johnson\AppData\Local\Programs\MiKTeX 2.9\tex/latex/hyper
ref\hpdftex.def"
File: hpdftex.def 2020-05-15 v7.00e Hyperref driver for pdfTeX

("C:\Users\Timothy R. Johnson\AppData\Local\Programs\MiKTeX 2.9\tex/latex/atver
yend\atveryend.sty"
Package: atveryend 2019-12-11 v1.11 Hooks at the very end of document (HO)
)
\Fld@listcount=\count198
\c@bookmark@seq@number=\count199

("C:\Users\Timothy R. Johnson\AppData\Local\Programs\MiKTeX 2.9\tex/latex/rerun
filecheck\rerunfilecheck.sty"
Package: rerunfilecheck 2019/12/05 v1.9 Rerun checks for auxiliary files (HO)

("C:\Users\Timothy R. Johnson\AppData\Local\Programs\MiKTeX 2.9\tex/generic/uni
quecounter\uniquecounter.sty"
Package: uniquecounter 2019/12/15 v1.4 Provide unlimited unique counter (HO)
)
Package uniquecounter Info: New unique counter `rerunfilecheck' on input line 2
86.
)
\Hy@SectionHShift=\skip53
)
("C:\Users\Timothy R. Johnson\AppData\Local\Programs\MiKTeX 2.9\tex/latex/bookm
ark\bkm-pdftex.def"
File: bkm-pdftex.def 2019/12/03 v1.28 bookmark driver for pdfTeX (HO)
\BKM@id=\count266
))
("C:\Users\Timothy R. Johnson\AppData\Local\Programs\MiKTeX 2.9\tex/latex/geome
try\geometry.sty"
Package: geometry 2020/01/02 v5.9 Page Geometry

("C:\Users\Timothy R. Johnson\AppData\Local\Programs\MiKTeX 2.9\tex/generic/ift
ex\ifvtex.sty"
Package: ifvtex 2019/10/25 v1.7 ifvtex legacy package. Use iftex instead.
)
\Gm@cnth=\count267
\Gm@cntv=\count268
\c@Gm@tempcnt=\count269
\Gm@bindingoffset=\dimen149
\Gm@wd@mp=\dimen150
\Gm@odd@mp=\dimen151
\Gm@even@mp=\dimen152
\Gm@layoutwidth=\dimen153
\Gm@layoutheight=\dimen154
\Gm@layouthoffset=\dimen155
\Gm@layoutvoffset=\dimen156
\Gm@dimlist=\toks24

("C:\Users\Timothy R. Johnson\AppData\Local\Programs\MiKTeX 2.9\tex/latex/geome
try\geometry.cfg"))
("C:\Users\Timothy R. Johnson\AppData\Local\Programs\MiKTeX 2.9\tex/latex/graph
ics\graphicx.sty"
Package: graphicx 2019/11/30 v1.2a Enhanced LaTeX Graphics (DPC,SPQR)

("C:\Users\Timothy R. Johnson\AppData\Local\Programs\MiKTeX 2.9\tex/latex/graph
ics\graphics.sty"
Package: graphics 2019/11/30 v1.4a Standard LaTeX Graphics (DPC,SPQR)

("C:\Users\Timothy R. Johnson\AppData\Local\Programs\MiKTeX 2.9\tex/latex/graph
ics\trig.sty"
Package: trig 2016/01/03 v1.10 sin cos tan (DPC)
)
("C:\Users\Timothy R. Johnson\AppData\Local\Programs\MiKTeX 2.9\tex/latex/graph
ics-cfg\graphics.cfg"
File: graphics.cfg 2016/06/04 v1.11 sample graphics configuration
)
Package graphics Info: Driver file: pdftex.def on input line 105.
)
\Gin@req@height=\dimen157
\Gin@req@width=\dimen158
)
("C:\Users\Timothy R. Johnson\AppData\Local\Programs\MiKTeX 2.9\tex/latex/bookt
abs\booktabs.sty"
Package: booktabs 2020/01/12 v1.61803398 Publication quality tables
\heavyrulewidth=\dimen159
\lightrulewidth=\dimen160
\cmidrulewidth=\dimen161
\belowrulesep=\dimen162
\belowbottomsep=\dimen163
\aboverulesep=\dimen164
\abovetopsep=\dimen165
\cmidrulesep=\dimen166
\cmidrulekern=\dimen167
\defaultaddspace=\dimen168
\@cmidla=\count270
\@cmidlb=\count271
\@aboverulesep=\dimen169
\@belowrulesep=\dimen170
\@thisruleclass=\count272
\@lastruleclass=\count273
\@thisrulewidth=\dimen171
)
("C:\Users\Timothy R. Johnson\AppData\Local\Programs\MiKTeX 2.9\tex/latex/tools
\longtable.sty"
Package: longtable 2020/01/07 v4.13 Multi-page Table package (DPC)
\LTleft=\skip54
\LTright=\skip55
\LTpre=\skip56
\LTpost=\skip57
\LTchunksize=\count274
\LTcapwidth=\dimen172
\LT@head=\box47
\LT@firsthead=\box48
\LT@foot=\box49
\LT@lastfoot=\box50
\LT@cols=\count275
\LT@rows=\count276
\c@LT@tables=\count277
\c@LT@chunks=\count278
\LT@p@ftn=\toks25
)
("C:\Users\Timothy R. Johnson\AppData\Local\Programs\MiKTeX 2.9\tex/latex/tools
\array.sty"
Package: array 2019/08/31 v2.4l Tabular extension package (FMi)
\col@sep=\dimen173
\ar@mcellbox=\box51
\extrarowheight=\dimen174
\NC@list=\toks26
\extratabsurround=\skip58
\backup@length=\skip59
\ar@cellbox=\box52
)
("C:\Users\Timothy R. Johnson\AppData\Local\Programs\MiKTeX 2.9\tex/latex/multi
row\multirow.sty"
Package: multirow 2019/05/31 v2.5 Span multiple rows of a table
\multirow@colwidth=\skip60
\multirow@cntb=\count279
\multirow@dima=\skip61
\bigstrutjot=\dimen175
)
("C:\Users\Timothy R. Johnson\AppData\Local\Programs\MiKTeX 2.9\tex/latex/wrapf
ig\wrapfig.sty"
\wrapoverhang=\dimen176
\WF@size=\dimen177
\c@WF@wrappedlines=\count280
\WF@box=\box53
\WF@everypar=\toks27
Package: wrapfig 2003/01/31  v 3.6
)
("C:\Users\Timothy R. Johnson\AppData\Local\Programs\MiKTeX 2.9\tex/latex/float
\float.sty"
Package: float 2001/11/08 v1.3d Float enhancements (AL)
\c@float@type=\count281
\float@exts=\toks28
\float@box=\box54
\@float@everytoks=\toks29
\@floatcapt=\box55
)
("C:\Users\Timothy R. Johnson\AppData\Local\Programs\MiKTeX 2.9\tex/latex/color
tbl\colortbl.sty"
Package: colortbl 2020/01/04 v1.0e Color table columns (DPC)
\everycr=\toks30
\minrowclearance=\skip62
)
("C:\Users\Timothy R. Johnson\AppData\Local\Programs\MiKTeX 2.9\tex/latex/pdfls
cape\pdflscape.sty"
Package: pdflscape 2019/12/05 v0.12 Display of landscape pages in PDF (HO)

("C:\Users\Timothy R. Johnson\AppData\Local\Programs\MiKTeX 2.9\tex/latex/graph
ics\lscape.sty"
Package: lscape 2000/10/22 v3.01 Landscape Pages (DPC)
)
Package pdflscape Info: Auto-detected driver: pdftex on input line 81.
)
("C:\Users\Timothy R. Johnson\AppData\Local\Programs\MiKTeX 2.9\tex/latex/tabu\
tabu.sty"
Package: tabu 2019/01/11 v2.9 - flexible LaTeX tabulars (FC+tabu-fixed)

("C:\Users\Timothy R. Johnson\AppData\Local\Programs\MiKTeX 2.9\tex/latex/varwi
dth\varwidth.sty"
Package: varwidth 2009/03/30 ver 0.92;  Variable-width minipages
\@vwid@box=\box56
\sift@deathcycles=\count282
\@vwid@loff=\dimen178
\@vwid@roff=\dimen179
)
\c@taburow=\count283
\tabu@nbcols=\count284
\tabu@cnt=\count285
\tabu@Xcol=\count286
\tabu@alloc=\count287
\tabu@nested=\count288
\tabu@target=\dimen180
\tabu@spreadtarget=\dimen181
\tabu@naturalX=\dimen182
\tabucolX=\dimen183
\tabu@Xsum=\dimen184
\extrarowdepth=\dimen185
\abovetabulinesep=\dimen186
\belowtabulinesep=\dimen187
\tabustrutrule=\dimen188
\tabu@thebody=\toks31
\tabu@footnotes=\toks32
\tabu@box=\box57
\tabu@arstrutbox=\box58
\tabu@hleads=\box59
\tabu@vleads=\box60
\tabu@cellskip=\skip63
)
("C:\Users\Timothy R. Johnson\AppData\Local\Programs\MiKTeX 2.9\tex/latex/three
parttable\threeparttable.sty"
Package: threeparttable 2003/06/13  v 3.0
\@tempboxb=\box61
)
("C:\Users\Timothy R. Johnson\AppData\Local\Programs\MiKTeX 2.9\tex/latex/three
parttablex\threeparttablex.sty"
Package: threeparttablex 2013/07/23 v0.3 by daleif

("C:\Users\Timothy R. Johnson\AppData\Local\Programs\MiKTeX 2.9\tex/latex/envir
on\environ.sty"
Package: environ 2014/05/04 v0.3 A new way to define environments

("C:\Users\Timothy R. Johnson\AppData\Local\Programs\MiKTeX 2.9\tex/latex/trims
paces\trimspaces.sty"
Package: trimspaces 2009/09/17 v1.1 Trim spaces around a token list
))
\TPTL@width=\skip64
)
("C:\Users\Timothy R. Johnson\AppData\Local\Programs\MiKTeX 2.9\tex/latex/ulem\
ulem.sty"
\UL@box=\box62
\UL@hyphenbox=\box63
\UL@skip=\skip65
\UL@hook=\toks33
\UL@height=\dimen189
\UL@pe=\count289
\UL@pixel=\dimen190
\ULC@box=\box64
Package: ulem 2019/11/18
\ULdepth=\dimen191
)
("C:\Users\Timothy R. Johnson\AppData\Local\Programs\MiKTeX 2.9\tex/latex/makec
ell\makecell.sty"
Package: makecell 2009/08/03 V0.1e Managing of Tab Column Heads and Cells
\rotheadsize=\dimen192
\c@nlinenum=\count290
\TeXr@lab=\toks34
)
("C:\Users\Timothy R. Johnson\AppData\Local\Programs\MiKTeX 2.9\tex/latex/l3bac
kend\l3backend-pdfmode.def"
File: l3backend-pdfmode.def 2020-06-23 L3 backend support: PDF mode
\l__kernel_color_stack_int=\count291
\l__pdf_internal_box=\box65
) (lecture-08-23-2021.aux)
\openout1 = `lecture-08-23-2021.aux'.

LaTeX Font Info:    Checking defaults for OML/cmm/m/it on input line 83.
LaTeX Font Info:    ... okay on input line 83.
LaTeX Font Info:    Checking defaults for OMS/cmsy/m/n on input line 83.
LaTeX Font Info:    ... okay on input line 83.
LaTeX Font Info:    Checking defaults for OT1/cmr/m/n on input line 83.
LaTeX Font Info:    ... okay on input line 83.
LaTeX Font Info:    Checking defaults for T1/cmr/m/n on input line 83.
LaTeX Font Info:    ... okay on input line 83.
LaTeX Font Info:    Checking defaults for TS1/cmr/m/n on input line 83.
LaTeX Font Info:    ... okay on input line 83.
LaTeX Font Info:    Checking defaults for OMX/cmex/m/n on input line 83.
LaTeX Font Info:    ... okay on input line 83.
LaTeX Font Info:    Checking defaults for U/cmr/m/n on input line 83.
LaTeX Font Info:    ... okay on input line 83.
LaTeX Font Info:    Checking defaults for PD1/pdf/m/n on input line 83.
LaTeX Font Info:    ... okay on input line 83.
LaTeX Font Info:    Checking defaults for PU/pdf/m/n on input line 83.
LaTeX Font Info:    ... okay on input line 83.
LaTeX Info: Redefining \microtypecontext on input line 83.
Package microtype Info: Generating PDF output.
Package microtype Info: Character protrusion enabled (level 2).
Package microtype Info: Using protrusion set `basicmath'.
Package microtype Info: Automatic font expansion enabled (level 2),
(microtype)             stretch: 20, shrink: 20, step: 1, non-selected.
Package microtype Info: Using default expansion set `basictext'.
LaTeX Info: Redefining \showhyphens on input line 83.
Package microtype Info: No adjustment of tracking.
Package microtype Info: No adjustment of interword spacing.
Package microtype Info: No adjustment of character kerning.

("C:\Users\Timothy R. Johnson\AppData\Local\Programs\MiKTeX 2.9\tex/latex/micro
type\mt-cmr.cfg"
File: mt-cmr.cfg 2013/05/19 v2.2 microtype config. file: Computer Modern Roman 
(RS)
)
("C:\Users\Timothy R. Johnson\AppData\Local\Programs\MiKTeX 2.9\tex/context/bas
e/mkii\supp-pdf.mkii"
[Loading MPS to PDF converter (version 2006.09.02).]
\scratchcounter=\count292
\scratchdimen=\dimen193
\scratchbox=\box66
\nofMPsegments=\count293
\nofMParguments=\count294
\everyMPshowfont=\toks35
\MPscratchCnt=\count295
\MPscratchDim=\dimen194
\MPnumerator=\count296
\makeMPintoPDFobject=\count297
\everyMPtoPDFconversion=\toks36
)
("C:\Users\Timothy R. Johnson\AppData\Local\Programs\MiKTeX 2.9\tex/latex/epsto
pdf-pkg\epstopdf-base.sty"
Package: epstopdf-base 2020-01-24 v2.11 Base part for package epstopdf
Package epstopdf-base Info: Redefining graphics rule for `.eps' on input line 4
85.
)
\AtBeginShipoutBox=\box67
Package hyperref Info: Link coloring OFF on input line 83.

("C:\Users\Timothy R. Johnson\AppData\Local\Programs\MiKTeX 2.9\tex/latex/hyper
ref\nameref.sty"
Package: nameref 2019/09/16 v2.46 Cross-referencing by name of section

("C:\Users\Timothy R. Johnson\AppData\Local\Programs\MiKTeX 2.9\tex/latex/refco
unt\refcount.sty"
Package: refcount 2019/12/15 v3.6 Data extraction from label references (HO)
)
("C:\Users\Timothy R. Johnson\AppData\Local\Programs\MiKTeX 2.9\tex/generic/get
titlestring\gettitlestring.sty"
Package: gettitlestring 2019/12/15 v1.6 Cleanup title references (HO)
)
\c@section@level=\count298
)
LaTeX Info: Redefining \ref on input line 83.
LaTeX Info: Redefining \pageref on input line 83.
LaTeX Info: Redefining \nameref on input line 83.
*geometry* driver: auto-detecting
*geometry* detected driver: pdftex
*geometry* verbose mode - [ preamble ] result:
* driver: pdftex
* paper: <default>
* layout: <same size as paper>
* layoutoffset:(h,v)=(0.0pt,0.0pt)
* modes: 
* h-part:(L,W,R)=(72.26999pt, 469.75502pt, 72.26999pt)
* v-part:(T,H,B)=(72.26999pt, 650.43001pt, 72.26999pt)
* \paperwidth=614.295pt
* \paperheight=794.96999pt
* \textwidth=469.75502pt
* \textheight=650.43001pt
* \oddsidemargin=0.0pt
* \evensidemargin=0.0pt
* \topmargin=-37.0pt
* \headheight=12.0pt
* \headsep=25.0pt
* \topskip=10.0pt
* \footskip=30.0pt
* \marginparwidth=65.0pt
* \marginparsep=11.0pt
* \columnsep=10.0pt
* \skip\footins=9.0pt plus 4.0pt minus 2.0pt
* \hoffset=0.0pt
* \voffset=0.0pt
* \mag=1000
* \@twocolumnfalse
* \@twosidefalse
* \@mparswitchfalse
* \@reversemarginfalse
* (1in=72.27pt=25.4mm, 1cm=28.453pt)

LaTeX Font Info:    Trying to load font information for OT1+lmr on input line 8
5.

("C:\Users\Timothy R. Johnson\AppData\Local\Programs\MiKTeX 2.9\tex/latex/lm\ot
1lmr.fd"
File: ot1lmr.fd 2009/10/30 v1.6 Font defs for Latin Modern
)
LaTeX Font Info:    Trying to load font information for OML+lmm on input line 8
5.

("C:\Users\Timothy R. Johnson\AppData\Local\Programs\MiKTeX 2.9\tex/latex/lm\om
llmm.fd"
File: omllmm.fd 2009/10/30 v1.6 Font defs for Latin Modern
)
LaTeX Font Info:    Trying to load font information for OMS+lmsy on input line 
85.

("C:\Users\Timothy R. Johnson\AppData\Local\Programs\MiKTeX 2.9\tex/latex/lm\om
slmsy.fd"
File: omslmsy.fd 2009/10/30 v1.6 Font defs for Latin Modern
)
LaTeX Font Info:    Trying to load font information for OMX+lmex on input line 
85.

("C:\Users\Timothy R. Johnson\AppData\Local\Programs\MiKTeX 2.9\tex/latex/lm\om
xlmex.fd"
File: omxlmex.fd 2009/10/30 v1.6 Font defs for Latin Modern
)
LaTeX Font Info:    External font `lmex10' loaded for size
(Font)              <12> on input line 85.
LaTeX Font Info:    External font `lmex10' loaded for size
(Font)              <8> on input line 85.
LaTeX Font Info:    External font `lmex10' loaded for size
(Font)              <6> on input line 85.
LaTeX Font Info:    Trying to load font information for U+msa on input line 85.


("C:\Users\Timothy R. Johnson\AppData\Local\Programs\MiKTeX 2.9\tex/latex/amsfo
nts\umsa.fd"
File: umsa.fd 2013/01/14 v3.01 AMS symbols A
)
("C:\Users\Timothy R. Johnson\AppData\Local\Programs\MiKTeX 2.9\tex/latex/micro
type\mt-msa.cfg"
File: mt-msa.cfg 2006/02/04 v1.1 microtype config. file: AMS symbols (a) (RS)
)
LaTeX Font Info:    Trying to load font information for U+msb on input line 85.


("C:\Users\Timothy R. Johnson\AppData\Local\Programs\MiKTeX 2.9\tex/latex/amsfo
nts\umsb.fd"
File: umsb.fd 2013/01/14 v3.01 AMS symbols B
)
("C:\Users\Timothy R. Johnson\AppData\Local\Programs\MiKTeX 2.9\tex/latex/micro
type\mt-msb.cfg"
File: mt-msb.cfg 2005/06/01 v1.0 microtype config. file: AMS symbols (b) (RS)
)
LaTeX Font Info:    External font `lmex10' loaded for size
(Font)              <10> on input line 98.
LaTeX Font Info:    External font `lmex10' loaded for size
(Font)              <7> on input line 98.
LaTeX Font Info:    External font `lmex10' loaded for size
(Font)              <5> on input line 98.

LaTeX Warning: `!h' float specifier changed to `!ht'.

[1

{C:/Users/Timothy R. Johnson/AppData/Local/MiKTeX/2.9/pdftex/config/pdftex.map}
]

LaTeX Warning: `!h' float specifier changed to `!ht'.

<lecture-08-23-2021_files/figure-latex/unnamed-chunk-6-1.pdf, id=21, 361.35pt x
 361.35pt>
File: lecture-08-23-2021_files/figure-latex/unnamed-chunk-6-1.pdf Graphic file 
(type pdf)
<use lecture-08-23-2021_files/figure-latex/unnamed-chunk-6-1.pdf>
Package pdftex.def Info: lecture-08-23-2021_files/figure-latex/unnamed-chunk-6-
1.pdf  used on input line 254.
(pdftex.def)             Requested size: 361.34912pt x 361.34912pt.
[2]
Overfull \vbox (98.20207pt too high) has occurred while \output is active []

[3 <./lecture-08-23-2021_files/figure-latex/unnamed-chunk-6-1.pdf>] [4]
<big-picture.jpg, id=41, 578.16pt x 446.41782pt>
File: big-picture.jpg Graphic file (type jpg)
<use big-picture.jpg>
Package pdftex.def Info: big-picture.jpg  used on input line 335.
(pdftex.def)             Requested size: 469.75385pt x 362.71358pt.
Package atveryend Info: Empty hook `BeforeClearDocument' on input line 337.
[5 <./big-picture.jpg>]
Package atveryend Info: Empty hook `AfterLastShipout' on input line 337.
(lecture-08-23-2021.aux)
Package atveryend Info: Executing hook `AtVeryEndDocument' on input line 337.
Package atveryend Info: Empty hook `AtEndAfterFileList' on input line 337.
 ) 
Here is how much of TeX's memory you used:
 14403 strings out of 480790
 217286 string characters out of 2889294
 516239 words of memory out of 3000000
 30065 multiletter control sequences out of 15000+200000
 591778 words of font info for 93 fonts, out of 3000000 for 9000
 1141 hyphenation exceptions out of 8191
 44i,12n,42p,819b,392s stack positions out of 5000i,500n,10000p,200000b,50000s
{C:/Users/Timothy R. Johnson/AppData/Local/Programs/MiKTeX 2.9/fonts/enc/dvip
s/lm/lm-mathsy.enc}{C:/Users/Timothy R. Johnson/AppData/Local/Programs/MiKTeX 2
.9/fonts/enc/dvips/lm/lm-mathit.enc}{C:/Users/Timothy R. Johnson/AppData/Local/
Programs/MiKTeX 2.9/fonts/enc/dvips/lm/lm-ec.enc}<C:/Users/Timothy R. Johnson/A
ppData/Local/Programs/MiKTeX 2.9/fonts/type1/public/lm/lmbx10.pfb><C:/Users/Tim
othy R. Johnson/AppData/Local/Programs/MiKTeX 2.9/fonts/type1/public/lm/lmbx12.
pfb><C:/Users/Timothy R. Johnson/AppData/Local/Programs/MiKTeX 2.9/fonts/type1/
public/lm/lmmi10.pfb><C:/Users/Timothy R. Johnson/AppData/Local/Programs/MiKTeX
 2.9/fonts/type1/public/lm/lmr10.pfb><C:/Users/Timothy R. Johnson/AppData/Local
/Programs/MiKTeX 2.9/fonts/type1/public/lm/lmr17.pfb><C:/Users/Timothy R. Johns
on/AppData/Local/Programs/MiKTeX 2.9/fonts/type1/public/lm/lmr6.pfb><C:/Users/T
imothy R. Johnson/AppData/Local/Programs/MiKTeX 2.9/fonts/type1/public/lm/lmr7.
pfb><C:/Users/Timothy R. Johnson/AppData/Local/Programs/MiKTeX 2.9/fonts/type1/
public/lm/lmr8.pfb><C:/Users/Timothy R. Johnson/AppData/Local/Programs/MiKTeX 2
.9/fonts/type1/public/lm/lmri10.pfb><C:/Users/Timothy R. Johnson/AppData/Local/
Programs/MiKTeX 2.9/fonts/type1/public/lm/lmri8.pfb><C:/Users/Timothy R. Johnso
n/AppData/Local/Programs/MiKTeX 2.9/fonts/type1/public/lm/lmsy10.pfb>
Output written on lecture-08-23-2021.pdf (5 pages, 314832 bytes).
PDF statistics:
 110 PDF objects out of 1000 (max. 8388607)
 17 named destinations out of 1000 (max. 500000)
 16435 words of extra memory for PDF output out of 17280 (max. 10000000)

